**
(main.tex
LaTeX2e <2021-11-15> patch level 1
L3 programming layer <2022-02-24> (report.cls
Document Class: report 2021/10/04 v1.4n Standard LaTeX document class
(size12.clo
File: size12.clo 2021/10/04 v1.4n Standard LaTeX file (size option)
)
\c@part=\count181
\c@chapter=\count182
\c@section=\count183
\c@subsection=\count184
\c@subsubsection=\count185
\c@paragraph=\count186
\c@subparagraph=\count187
\c@figure=\count188
\c@table=\count189
\abovecaptionskip=\skip47
\belowcaptionskip=\skip48
\bibindent=\dimen138
) (config/packages (fontenc.sty
Package: fontenc 2021/04/29 v2.0v Standard LaTeX package
LaTeX Font Info:    Trying to load font information for T1+lmr on input line 11
2.
 (t1lmr.fd
File: t1lmr.fd 2015/05/01 v1.6.1 Font defs for Latin Modern
)) (inputenc.sty
Package: inputenc 2021/02/14 v1.3d Input encoding file
\inpenc@prehook=\toks16
\inpenc@posthook=\toks17


Package inputenc Warning: inputenc package ignored with utf8 based engines.

) (babel.sty
Package: babel 2022/02/26 3.73 The Babel package
\babel@savecnt=\count190
\U@D=\dimen139
\l@unhyphenated=\language87
 (xebabel.def (txtbabel.def))
\bbl@readstream=\read2
\bbl@dirlevel=\count191
 (french.ldf
Language: french 2021/07/20 v3.5m French support from the babel system
Package babel Info: Hyphen rules for 'acadian' set to \l@french
(babel)             (\language29). Reported on input line 91.
Package babel Info: Hyphen rules for 'canadien' set to \l@french
(babel)             (\language29). Reported on input line 92.
\FB@nonchar=\count192
Package french.ldf Info: No need for active punctuation characters
(french.ldf)             with this version of XeTeX!
(french.ldf)             reported on input line 332.
\FB@punctthick=\XeTeXcharclass1
\FB@punctthin=\XeTeXcharclass2
\FB@punctnul=\XeTeXcharclass3
\FB@guilo=\XeTeXcharclass4
\FB@guilf=\XeTeXcharclass5
\FB@guilnul=\XeTeXcharclass6
\FBguill@level=\count193
\FBold@everypar=\toks18
\FB@Mht=\dimen140
\mc@charclass=\count194
\mc@charfam=\count195
\mc@charslot=\count196
\std@mcc=\count197
\dec@mcc=\count198
\listindentFB=\dimen141
\descindentFB=\dimen142
\labelindentFB=\dimen143
\labelwidthFB=\dimen144
\leftmarginFB=\dimen145
\parindentFFN=\dimen146
\FBfnindent=\dimen147
)) (scalefnt.sty)
(keyval.sty
Package: keyval 2014/10/28 v1.15 key=value parser (DPC)
\KV@toks@=\toks19
) (lmodern.sty
Package: lmodern 2015/05/01 v1.6.1 Latin Modern Fonts
LaTeX Font Info:    Overwriting symbol font `operators' in version `normal'
(Font)                  OT1/cmr/m/n --> OT1/lmr/m/n on input line 22.
LaTeX Font Info:    Overwriting symbol font `letters' in version `normal'
(Font)                  OML/cmm/m/it --> OML/lmm/m/it on input line 23.
LaTeX Font Info:    Overwriting symbol font `symbols' in version `normal'
(Font)                  OMS/cmsy/m/n --> OMS/lmsy/m/n on input line 24.
LaTeX Font Info:    Overwriting symbol font `largesymbols' in version `normal'
(Font)                  OMX/cmex/m/n --> OMX/lmex/m/n on input line 25.
LaTeX Font Info:    Overwriting symbol font `operators' in version `bold'
(Font)                  OT1/cmr/bx/n --> OT1/lmr/bx/n on input line 26.
LaTeX Font Info:    Overwriting symbol font `letters' in version `bold'
(Font)                  OML/cmm/b/it --> OML/lmm/b/it on input line 27.
LaTeX Font Info:    Overwriting symbol font `symbols' in version `bold'
(Font)                  OMS/cmsy/b/n --> OMS/lmsy/b/n on input line 28.
LaTeX Font Info:    Overwriting symbol font `largesymbols' in version `bold'
(Font)                  OMX/cmex/m/n --> OMX/lmex/m/n on input line 29.
LaTeX Font Info:    Overwriting math alphabet `\mathbf' in version `normal'
(Font)                  OT1/cmr/bx/n --> OT1/lmr/bx/n on input line 31.
LaTeX Font Info:    Overwriting math alphabet `\mathsf' in version `normal'
(Font)                  OT1/cmss/m/n --> OT1/lmss/m/n on input line 32.
LaTeX Font Info:    Overwriting math alphabet `\mathit' in version `normal'
(Font)                  OT1/cmr/m/it --> OT1/lmr/m/it on input line 33.
LaTeX Font Info:    Overwriting math alphabet `\mathtt' in version `normal'
(Font)                  OT1/cmtt/m/n --> OT1/lmtt/m/n on input line 34.
LaTeX Font Info:    Overwriting math alphabet `\mathbf' in version `bold'
(Font)                  OT1/cmr/bx/n --> OT1/lmr/bx/n on input line 35.
LaTeX Font Info:    Overwriting math alphabet `\mathsf' in version `bold'
(Font)                  OT1/cmss/bx/n --> OT1/lmss/bx/n on input line 36.
LaTeX Font Info:    Overwriting math alphabet `\mathit' in version `bold'
(Font)                  OT1/cmr/bx/it --> OT1/lmr/bx/it on input line 37.
LaTeX Font Info:    Overwriting math alphabet `\mathtt' in version `bold'
(Font)                  OT1/cmtt/m/n --> OT1/lmtt/m/n on input line 38.
) (microtype.sty
Package: microtype 2022/03/14 v3.0d Micro-typographical refinements (RS)
 (etoolbox.sty
Package: etoolbox 2020/10/05 v2.5k e-TeX tools for LaTeX (JAW)
\etb@tempcnta=\count199
)
\MT@toks=\toks20
\MT@tempbox=\box50
\MT@count=\count266
LaTeX Info: Redefining \noprotrusionifhmode on input line 1027.
LaTeX Info: Redefining \leftprotrusion on input line 1028.
LaTeX Info: Redefining \rightprotrusion on input line 1036.
LaTeX Info: Redefining \textls on input line 1195.
\MT@outer@kern=\dimen148
LaTeX Info: Redefining \textmicrotypecontext on input line 1781.
\MT@listname@count=\count267
 (microtype-xetex.def
File: microtype-xetex.def 2022/03/14 v3.0d Definitions specific to xetex (RS)
LaTeX Info: Redefining \lsstyle on input line 236.
)
Package microtype Info: Loading configuration file microtype.cfg.

(microtype.cfg
File: microtype.cfg 2022/03/14 v3.0d microtype main configuration file (RS)
)) (geometry.sty
Package: geometry 2020/01/02 v5.9 Page Geometry
 (ifvtex.sty
Package: ifvtex 2019/10/25 v1.7 ifvtex legacy package. Use iftex instead.
 (iftex.sty
Package: iftex 2022/02/03 v1.0f TeX engine tests
))
\Gm@cnth=\count268
\Gm@cntv=\count269
\c@Gm@tempcnt=\count270
\Gm@bindingoffset=\dimen149
\Gm@wd@mp=\dimen150
\Gm@odd@mp=\dimen151
\Gm@even@mp=\dimen152
\Gm@layoutwidth=\dimen153
\Gm@layoutheight=\dimen154
\Gm@layouthoffset=\dimen155
\Gm@layoutvoffset=\dimen156
\Gm@dimlist=\toks21
) (setspace.sty
Package: setspace 2011/12/19 v6.7a set line spacing
)
(graphicx.sty
Package: graphicx 2021/09/16 v1.2d Enhanced LaTeX Graphics (DPC,SPQR)
 (graphics.sty
Package: graphics 2021/03/04 v1.4d Standard LaTeX Graphics (DPC,SPQR)
 (trig.sty
Package: trig 2021/08/11 v1.11 sin cos tan (DPC)
) (graphics.cfg
File: graphics.cfg 2016/06/04 v1.11 sample graphics configuration
)
Package graphics Info: Driver file: xetex.def on input line 107.
 (xetex.def
File: xetex.def 2021/03/18 v5.0k Graphics/color driver for xetex
))
\Gin@req@height=\dimen157
\Gin@req@width=\dimen158
) (float.sty
Package: float 2001/11/08 v1.3d Float enhancements (AL)
\c@float@type=\count271
\float@exts=\toks22
\float@box=\box51
\@float@everytoks=\toks23
\@floatcapt=\box52
) (booktabs.sty
Package: booktabs 2020/01/12 v1.61803398 Publication quality tables
\heavyrulewidth=\dimen159
\lightrulewidth=\dimen160
\cmidrulewidth=\dimen161
\belowrulesep=\dimen162
\belowbottomsep=\dimen163
\aboverulesep=\dimen164
\abovetopsep=\dimen165
\cmidrulesep=\dimen166
\cmidrulekern=\dimen167
\defaultaddspace=\dimen168
\@cmidla=\count272
\@cmidlb=\count273
\@aboverulesep=\dimen169
\@belowrulesep=\dimen170
\@thisruleclass=\count274
\@lastruleclass=\count275
\@thisrulewidth=\dimen171
) (longtable.sty
Package: longtable 2021-09-01 v4.17 Multi-page Table package (DPC)
\LTleft=\skip49
\LTright=\skip50
\LTpre=\skip51
\LTpost=\skip52
\LTchunksize=\count276
\LTcapwidth=\dimen172
\LT@head=\box53
\LT@firsthead=\box54
\LT@foot=\box55
\LT@lastfoot=\box56
\LT@gbox=\box57
\LT@cols=\count277
\LT@rows=\count278
\c@LT@tables=\count279
\c@LT@chunks=\count280
\LT@p@ftn=\toks24
) (tabularx.sty
Package: tabularx 2020/01/15 v2.11c `tabularx' package (DPC)
 (array.sty
Package: array 2021/10/04 v2.5f Tabular extension package (FMi)
\col@sep=\dimen173
\ar@mcellbox=\box58
\extrarowheight=\dimen174
\NC@list=\toks25
\extratabsurround=\skip53
\backup@length=\skip54
\ar@cellbox=\box59
)
\TX@col@width=\dimen175
\TX@old@table=\dimen176
\TX@old@col=\dimen177
\TX@target=\dimen178
\TX@delta=\dimen179
\TX@cols=\count281
\TX@ftn=\toks26
) (xcolor.sty
Package: xcolor 2021/10/31 v2.13 LaTeX color extensions (UK)

(color.cfg
File: color.cfg 2016/01/02 v1.6 sample color configuration
)
Package xcolor Info: Driver file: xetex.def on input line 227.
Package xcolor Info: Model `cmy' substituted by `cmy0' on input line 1352.
Package xcolor Info: Model `RGB' extended on input line 1368.
Package xcolor Info: Model `HTML' substituted by `rgb' on input line 1370.
Package xcolor Info: Model `Hsb' substituted by `hsb' on input line 1371.
Package xcolor Info: Model `tHsb' substituted by `hsb' on input line 1372.
Package xcolor Info: Model `HSB' substituted by `hsb' on input line 1373.
Package xcolor Info: Model `Gray' substituted by `gray' on input line 1374.
Package xcolor Info: Model `wave' substituted by `hsb' on input line 1375.
) (listings.sty
\lst@mode=\count282
\lst@gtempboxa=\box60
\lst@token=\toks27
\lst@length=\count283
\lst@currlwidth=\dimen180
\lst@column=\count284
\lst@pos=\count285
\lst@lostspace=\dimen181
\lst@width=\dimen182
\lst@newlines=\count286
\lst@lineno=\count287
\lst@maxwidth=\dimen183
 (lstmisc.sty
File: lstmisc.sty 2020/03/24 1.8d (Carsten Heinz)
\c@lstnumber=\count288
\lst@skipnumbers=\count289
\lst@framebox=\box61
) (listings.cfg
File: listings.cfg 2020/03/24 1.8d listings configuration
))
Package: listings 2020/03/24 1.8d (Carsten Heinz)
 (hyperref.sty
Package: hyperref 2022-02-21 v7.00n Hypertext links for LaTeX

(ltxcmds.sty
Package: ltxcmds 2020-05-10 v1.25 LaTeX kernel commands for general use (HO)
) (pdftexcmds.sty
Package: pdftexcmds 2020-06-27 v0.33 Utility functions of pdfTeX for LuaTeX (HO
)
 (infwarerr.sty
Package: infwarerr 2019/12/03 v1.5 Providing info/warning/error messages (HO)
)
Package pdftexcmds Info: \pdf@primitive is available.
Package pdftexcmds Info: \pdf@ifprimitive is available.
Package pdftexcmds Info: \pdfdraftmode not found.
) (kvsetkeys.sty
Package: kvsetkeys 2019/12/15 v1.18 Key value parser (HO)
)
(kvdefinekeys.sty
Package: kvdefinekeys 2019-12-19 v1.6 Define keys (HO)
) (pdfescape.sty
Package: pdfescape 2019/12/09 v1.15 Implements pdfTeX's escape features (HO)
) (hycolor.sty
Package: hycolor 2020-01-27 v1.10 Color options for hyperref/bookmark (HO)
) (letltxmacro.sty
Package: letltxmacro 2019/12/03 v1.6 Let assignment for LaTeX macros (HO)
) (auxhook.sty
Package: auxhook 2019-12-17 v1.6 Hooks for auxiliary files (HO)
) (kvoptions.sty
Package: kvoptions 2020-10-07 v3.14 Key value format for package options (HO)
)
\@linkdim=\dimen184
\Hy@linkcounter=\count290
\Hy@pagecounter=\count291
 (pd1enc.def
File: pd1enc.def 2022-02-21 v7.00n Hyperref: PDFDocEncoding definition (HO)
) (intcalc.sty
Package: intcalc 2019/12/15 v1.3 Expandable calculations with integers (HO)
) (etexcmds.sty
Package: etexcmds 2019/12/15 v1.7 Avoid name clashes with e-TeX commands (HO)
)
\Hy@SavedSpaceFactor=\count292
 (puenc.def
File: puenc.def 2022-02-21 v7.00n Hyperref: PDF Unicode definition (HO)
)
Package hyperref Info: Hyper figures OFF on input line 4137.
Package hyperref Info: Link nesting OFF on input line 4142.
Package hyperref Info: Hyper index ON on input line 4145.
Package hyperref Info: Plain pages OFF on input line 4152.
Package hyperref Info: Backreferencing OFF on input line 4157.
Package hyperref Info: Implicit mode ON; LaTeX internals redefined.
Package hyperref Info: Bookmarks ON on input line 4390.
\c@Hy@tempcnt=\count293

(url.sty
\Urlmuskip=\muskip16
Package: url 2013/09/16  ver 3.4  Verb mode for urls, etc.
)
LaTeX Info: Redefining \url on input line 4749.
\XeTeXLinkMargin=\dimen185
 (bitset.sty
Package: bitset 2019/12/09 v1.3 Handle bit-vector datatype (HO)
 (bigintcalc.sty
Package: bigintcalc 2019/12/15 v1.5 Expandable calculations on big integers (HO
)
))
\Fld@menulength=\count294
\Field@Width=\dimen186
\Fld@charsize=\dimen187
Package hyperref Info: Hyper figures OFF on input line 6027.
Package hyperref Info: Link nesting OFF on input line 6032.
Package hyperref Info: Hyper index ON on input line 6035.
Package hyperref Info: backreferencing OFF on input line 6042.
Package hyperref Info: Link coloring OFF on input line 6047.
Package hyperref Info: Link coloring with OCG OFF on input line 6052.
Package hyperref Info: PDF/A mode OFF on input line 6057.
LaTeX Info: Redefining \ref on input line 6097.
LaTeX Info: Redefining \pageref on input line 6101.
 (atbegshi-ltx.sty
Package: atbegshi-ltx 2021/01/10 v1.0c Emulation of the original atbegshi
package with kernel methods
)
\Hy@abspage=\count295
\c@Item=\count296
\c@Hfootnote=\count297
)
Package hyperref Info: Driver (autodetected): hxetex.
 (hxetex.def
File: hxetex.def 2022-02-21 v7.00n Hyperref driver for XeTeX

(stringenc.sty
Package: stringenc 2019/11/29 v1.12 Convert strings between diff. encodings (HO
)
)
\pdfm@box=\box62
\c@Hy@AnnotLevel=\count298
\HyField@AnnotCount=\count299
\Fld@listcount=\count300
\c@bookmark@seq@number=\count301
 (rerunfilecheck.sty
Package: rerunfilecheck 2019/12/05 v1.9 Rerun checks for auxiliary files (HO)
 (atveryend-ltx.sty
Package: atveryend-ltx 2020/08/19 v1.0a Emulation of the original atveryend pac
kage
with kernel methods
) (uniquecounter.sty
Package: uniquecounter 2019/12/15 v1.4 Provide unlimited unique counter (HO)
)
Package uniquecounter Info: New unique counter `rerunfilecheck' on input line 2
86.
)
\Hy@SectionHShift=\skip55
)
(cleveref.sty
Package: cleveref 2018/03/27 v0.21.4 Intelligent cross-referencing
Package cleveref Info: `hyperref' support loaded on input line 2370.
LaTeX Info: Redefining \cref on input line 2370.
LaTeX Info: Redefining \Cref on input line 2370.
LaTeX Info: Redefining \crefrange on input line 2370.
LaTeX Info: Redefining \Crefrange on input line 2370.
LaTeX Info: Redefining \cpageref on input line 2370.
LaTeX Info: Redefining \Cpageref on input line 2370.
LaTeX Info: Redefining \cpagerefrange on input line 2370.
LaTeX Info: Redefining \Cpagerefrange on input line 2370.
LaTeX Info: Redefining \labelcref on input line 2370.
LaTeX Info: Redefining \labelcpageref on input line 2370.
Package cleveref Info: `listings' support loaded on input line 3131.
Package cleveref Info: include cross-reference names in hyperlinks on input lin
e 7836.
Package cleveref Info: include cross-reference names in hyperlinks on input lin
e 7852.
)) (acronym.sty
Package: acronym 2020/04/17 v1.47 Support for acronyms (Tobias Oetiker)
 (suffix.sty
Package: suffix 2006/07/15 1.5a Variant command support
) (xstring.sty (xstring.tex
\integerpart=\count302
\decimalpart=\count303
)
Package: xstring 2021/07/21 v1.84 String manipulations (CT)
)
\AC@clearlist=\toks28
)
(config/commands) (config/style (caption.sty
Package: caption 2022/03/01 v3.6b Customizing captions (AR)
 (caption3.sty
Package: caption3 2022/03/17 v2.3b caption3 kernel (AR)
\caption@tempdima=\dimen188
\captionmargin=\dimen189
\caption@leftmargin=\dimen190
\caption@rightmargin=\dimen191
\caption@width=\dimen192
\caption@indent=\dimen193
\caption@parindent=\dimen194
\caption@hangindent=\dimen195
Package caption Info: Standard document class detected.
Package caption Info: french babel package is loaded.
)
\c@caption@flags=\count304
\c@continuedfloat=\count305
Package caption Info: float package is loaded.
Package caption Info: hyperref package is loaded.
Package caption Info: listings package is loaded.
Package caption Info: longtable package is loaded.
 (ltcaption.sty
Package: ltcaption 2021/01/08 v1.4c longtable captions (AR)
))
(titlesec.sty
Package: titlesec 2021/07/05 v2.14 Sectioning titles
\ttl@box=\box63
\beforetitleunit=\skip56
\aftertitleunit=\skip57
\ttl@plus=\dimen196
\ttl@minus=\dimen197
\ttl@toksa=\toks29
\titlewidth=\dimen198
\titlewidthlast=\dimen199
\titlewidthfirst=\dimen256
)) (l3backend-xetex.def
File: l3backend-xetex.def 2022-02-07 L3 backend support: XeTeX
\c__kernel_sys_dvipdfmx_version_int=\count306
\l__color_backend_stack_int=\count307
\g__color_backend_stack_int=\count308
\g__graphics_track_int=\count309
\l__pdf_internal_box=\box64
\g__pdf_backend_object_int=\count310
\g__pdf_backend_annotation_int=\count311
\g__pdf_backend_link_int=\count312
) (main.aux)
\openout1 = `main.aux'.

LaTeX Font Info:    Checking defaults for OML/cmm/m/it on input line 20.
LaTeX Font Info:    ... okay on input line 20.
LaTeX Font Info:    Checking defaults for OMS/cmsy/m/n on input line 20.
LaTeX Font Info:    ... okay on input line 20.
LaTeX Font Info:    Checking defaults for OT1/cmr/m/n on input line 20.
LaTeX Font Info:    ... okay on input line 20.
LaTeX Font Info:    Checking defaults for T1/cmr/m/n on input line 20.
LaTeX Font Info:    ... okay on input line 20.
LaTeX Font Info:    Checking defaults for TS1/cmr/m/n on input line 20.
LaTeX Font Info:    Trying to load font information for TS1+cmr on input line 2
0.
 (ts1cmr.fd
File: ts1cmr.fd 2019/12/16 v2.5j Standard LaTeX font definitions
)
LaTeX Font Info:    ... okay on input line 20.
LaTeX Font Info:    Checking defaults for TU/lmr/m/n on input line 20.
LaTeX Font Info:    ... okay on input line 20.
LaTeX Font Info:    Checking defaults for OMX/cmex/m/n on input line 20.
LaTeX Font Info:    ... okay on input line 20.
LaTeX Font Info:    Checking defaults for U/cmr/m/n on input line 20.
LaTeX Font Info:    ... okay on input line 20.
LaTeX Font Info:    Checking defaults for PD1/pdf/m/n on input line 20.
LaTeX Font Info:    ... okay on input line 20.
LaTeX Font Info:    Checking defaults for PU/pdf/m/n on input line 20.
LaTeX Font Info:    ... okay on input line 20.
LaTeX Info: Redefining \degres on input line 20.
LaTeX Info: Redefining \up on input line 20.
LaTeX Info: Redefining \microtypecontext on input line 20.
Package microtype Info: Applying patch `item' on input line 20.
Package microtype Info: Applying patch `toc' on input line 20.
Package microtype Info: Applying patch `eqnum' on input line 20.
Package microtype Info: Applying patch `footnote' on input line 20.
Package microtype Info: Character protrusion enabled (level 2).
Package microtype Info: Using default protrusion set `alltext'.
Package microtype Info: No adjustment of tracking.
Package microtype Info: No adjustment of spacing.
Package microtype Info: No adjustment of kerning.
 (mt-cmr.cfg
File: mt-cmr.cfg 2013/05/19 v2.2 microtype config. file: Computer Modern Roman 
(RS)
)
*geometry* driver: auto-detecting
*geometry* detected driver: xetex
*geometry* verbose mode - [ preamble ] result:
* driver: xetex
* paper: a4paper
* layout: <same size as paper>
* layoutoffset:(h,v)=(0.0pt,0.0pt)
* modes: 
* h-part:(L,W,R)=(56.9055pt, 483.69687pt, 56.9055pt)
* v-part:(T,H,B)=(56.9055pt, 731.23584pt, 56.9055pt)
* \paperwidth=597.50787pt
* \paperheight=845.04684pt
* \textwidth=483.69687pt
* \textheight=731.23584pt
* \oddsidemargin=-15.36449pt
* \evensidemargin=-15.36449pt
* \topmargin=-52.36449pt
* \headheight=12.0pt
* \headsep=25.0pt
* \topskip=12.0pt
* \footskip=30.0pt
* \marginparwidth=35.0pt
* \marginparsep=10.0pt
* \columnsep=10.0pt
* \skip\footins=10.8pt plus 4.0pt minus 2.0pt
* \hoffset=0.0pt
* \voffset=0.0pt
* \mag=1000
* \@twocolumnfalse
* \@twosidefalse
* \@mparswitchfalse
* \@reversemarginfalse
* (1in=72.27pt=25.4mm, 1cm=28.453pt)

\c@lstlisting=\count313
Package hyperref Info: Link coloring OFF on input line 20.
(nameref.sty
Package: nameref 2021-04-02 v2.47 Cross-referencing by name of section
 (refcount.sty
Package: refcount 2019/12/15 v3.6 Data extraction from label references (HO)
) (gettitlestring.sty
Package: gettitlestring 2019/12/15 v1.6 Cleanup title references (HO)
)
\c@section@level=\count314
)
LaTeX Info: Redefining \ref on input line 20.
LaTeX Info: Redefining \pageref on input line 20.
LaTeX Info: Redefining \nameref on input line 20.
 (main.out) (main.out)
\@outlinefile=\write3
\openout3 = `main.out'.

Package caption Info: Begin \AtBeginDocument code.
Package caption Info: End \AtBeginDocument code.

(frontmatter/cover
Package hyperref Info: Option `pageanchor' set `false' on input line 36.
*geometry* verbose mode - [ newgeometry ] result:
* driver: xetex
* paper: a4paper
* layout: <same size as paper>
* layoutoffset:(h,v)=(0.0pt,0.0pt)
* modes: 
* h-part:(L,W,R)=(72.2698pt, 452.96826pt, 72.2698pt)
* v-part:(T,H,B)=(72.2698pt, 700.50723pt, 72.2698pt)
* \paperwidth=597.50787pt
* \paperheight=845.04684pt
* \textwidth=452.96826pt
* \textheight=700.50723pt
* \oddsidemargin=-0.00018pt
* \evensidemargin=-0.00018pt
* \topmargin=-67.00018pt
* \headheight=42.0pt
* \headsep=25.0pt
* \topskip=12.0pt
* \footskip=30.0pt
* \marginparwidth=35.0pt
* \marginparsep=10.0pt
* \columnsep=10.0pt
* \skip\footins=10.8pt plus 4.0pt minus 2.0pt
* \hoffset=0.0pt
* \voffset=0.0pt
* \mag=1000
* \@twocolumnfalse
* \@twosidefalse
* \@mparswitchfalse
* \@reversemarginfalse
* (1in=72.27pt=25.4mm, 1cm=28.453pt)

File: figures/logos/UH1.png Graphic file (type bmp)
<figures/logos/UH1.png>
LaTeX Font Info:    Trying to load font information for OT1+lmr on input line 5
9.
 (ot1lmr.fd
File: ot1lmr.fd 2015/05/01 v1.6.1 Font defs for Latin Modern
)
LaTeX Font Info:    Trying to load font information for OML+lmm on input line 5
9.
 (omllmm.fd
File: omllmm.fd 2015/05/01 v1.6.1 Font defs for Latin Modern
)
LaTeX Font Info:    Trying to load font information for OMS+lmsy on input line 
59.
 (omslmsy.fd
File: omslmsy.fd 2015/05/01 v1.6.1 Font defs for Latin Modern
)
LaTeX Font Info:    Trying to load font information for OMX+lmex on input line 
59.
 (omxlmex.fd
File: omxlmex.fd 2015/05/01 v1.6.1 Font defs for Latin Modern
)
LaTeX Font Info:    External font `lmex10' loaded for size
(Font)              <14.4> on input line 59.
LaTeX Font Info:    External font `lmex10' loaded for size
(Font)              <10> on input line 59.
LaTeX Font Info:    External font `lmex10' loaded for size
(Font)              <7> on input line 59.
File: figures/logos/Fst_Settat.png Graphic file (type bmp)
<figures/logos/Fst_Settat.png>
LaTeX Font Info:    External font `lmex10' loaded for size
(Font)              <17.28> on input line 79.
LaTeX Font Info:    External font `lmex10' loaded for size
(Font)              <12> on input line 79.

Missing character: There is no ’ ("2019) in font ec-lmbx12!
LaTeX Font Info:    External font `lmex10' loaded for size
(Font)              <8> on input line 79.
LaTeX Font Info:    External font `lmex10' loaded for size
(Font)              <6> on input line 79.
File: figures/logos/SomaSteel_logo.png Graphic file (type bmp)
<figures/logos/SomaSteel_logo.png>
[1


] [1]
Package hyperref Info: Option `pageanchor' set `true' on input line 112.
) (frontmatter/acknowledgements) (frontmatter/abstract [1


])
(frontmatter/acronyms [2

]) [3

] (main.toc [4

] [5])
\tf@toc=\write4
\openout4 = `main.toc'.

 [6] (main.lof)
\tf@lof=\write5
\openout5 = `main.lof'.

 [7

] (main.lot)
\tf@lot=\write6
\openout6 = `main.lot'.

[8

] (chapters/general-introduction [1


]) (chapters/chapter1-general-context
[2]
Chapitre 1.
[3

] [4

]
File: figures/screenshots/camions-loues-reels.png.jpeg Graphic file (type bmp)
<figures/screenshots/camions-loues-reels.png.jpeg>
Package microtype Info: Character `029' is missing
(microtype)             in font `T1/lmr/m/sc/12'.
(microtype)             Ignoring protrusion settings for this character.


LaTeX Font Warning: Font shape `T1/lmr/bx/sc' undefined
(Font)              using `T1/lmr/bx/n' instead on input line 29.

[5]
LaTeX Font Info:    Trying to load font information for T1+lmtt on input line 5
2.
 (t1lmtt.fd
File: t1lmtt.fd 2015/05/01 v1.6.1 Font defs for Latin Modern
)
Package microtype Info: Loading generic protrusion settings for font family
(microtype)             `lmtt' (encoding: T1).
(microtype)             For optimal results, create family-specific settings.
(microtype)             See the microtype manual for details.
 [6] [7] [8]) (chapters/chapter2-analysis-and-specification
[9]
Chapitre 2.
[10

] [11

]
Underfull \hbox (badness 1009) in paragraph at lines 58--58
[]|\T1/lmr/m/n/12 Usine / dé-pôt de
 []


Underfull \hbox (badness 2608) in paragraph at lines 61--61
[]|\T1/lmr/m/n/12 Point de contrôle
 []

File: figures/diagrams/diagramme-des-acteurs.pdf Graphic file (type pdf)
<use figures/diagrams/diagramme-des-acteurs.pdf>
[12] [13]
Overfull \hbox (0.66963pt too wide) in paragraph at lines 133--134
[]\T1/lmr/m/n/12 le code QR est gé-néré se-lon le for-mat \T1/lmtt/m/n/12 SOMAS
TEEL-TRUCK-$IMMATRICULATION _ NORMALISEE$ \T1/lmr/m/n/12 ; 
 []

[14]
File: figures/diagrams/diagramme-de-cas-utilisation.pdf Graphic file (type pdf)

<use figures/diagrams/diagramme-de-cas-utilisation.pdf>
 [15] [16] [17]
File: figures/diagrams/diagramme-etats-transition-trajet.pdf Graphic file (type
 pdf)
<use figures/diagrams/diagramme-etats-transition-trajet.pdf>

Underfull \hbox (badness 1005) in paragraph at lines 292--293
[]|\T1/lmr/m/n/12 Création d'un tra-jet avec
 []


Underfull \hbox (badness 1502) in paragraph at lines 292--293
\T1/lmr/m/n/12 le sta-tut $\T1/lmtt/m/n/12 STARTED$ \T1/lmr/m/n/12 et log
 []


Underfull \hbox (badness 2556) in paragraph at lines 298--299
[]|\T1/lmr/m/n/12 Passage au sta-tut $\T1/lmtt/m/n/12 LEFT _
 []


Underfull \hbox (badness 10000) in paragraph at lines 301--302
[]|\T1/lmr/m/n/12 Passage au sta-tut
 []


Underfull \hbox (badness 10000) in paragraph at lines 301--302
\T1/lmtt/m/n/12 COMPLETED$\T1/lmr/m/n/12 , clô-ture du
 []

[18] [19] [20]) (chapters/chapter3-design-and-architecture [21]
Chapitre 3.
[22

]
File: figures/architecture/architecture-global-somascan.pdf Graphic file (type 
pdf)
<use figures/architecture/architecture-global-somascan.pdf>
 [23

] [24]
File: figures/architecture/architecture-backend-laravel.pdf Graphic file (type 
pdf)
<use figures/architecture/architecture-backend-laravel.pdf>
 [25] [26]
File: figures/architecture/architecture-frontend-flutter.pdf Graphic file (type
 pdf)
<use figures/architecture/architecture-frontend-flutter.pdf>
File: figures/architecture/architecture-frontend-react.pdf Graphic file (type p
df)
<use figures/architecture/architecture-frontend-react.pdf>
 [27]
File: figures/schemas/diagramme-de-classe.pdf Graphic file (type pdf)
<use figures/schemas/diagramme-de-classe.pdf>
 [28] [29]
File: figures/schemas/schema-relationel-db.pdf Graphic file (type pdf)
<use figures/schemas/schema-relationel-db.pdf>
 [30] [31]
File: figures/schemas/schema-api.pdf Graphic file (type pdf)
<use figures/schemas/schema-api.pdf>
 [32]
File: figures/diagrams/diagramme-sequence-scanQR.pdf Graphic file (type pdf)
<use figures/diagrams/diagramme-sequence-scanQR.pdf>
 [33]
File: figures/diagrams/diagramme-sequence-authentification.pdf Graphic file (ty
pe pdf)
<use figures/diagrams/diagramme-sequence-authentification.pdf>
 [34])
(chapters/chapter4-implementation [35]
Chapitre 4.
[36

]
Underfull \hbox (badness 1057) in paragraph at lines 48--49
\T1/lmtt/m/n/12 app / Http / Controllers$ \T1/lmr/m/n/12 re-groupe les contrô-l
eurs, le dos-sier $\T1/lmtt/m/n/12 app / Models$ \T1/lmr/m/n/12 contient les
 []


Underfull \hbox (badness 1117) in paragraph at lines 48--49
\T1/lmr/m/n/12 mo-dèles Eloquent, le dos-sier $\T1/lmtt/m/n/12 app / Services$ 
\T1/lmr/m/n/12 cen-tra-lise la lo-gique mé-tier et le dos-sier
 []

[37

]
File: figures/screenshots/backend-structure-projet.png Graphic file (type bmp)
<figures/screenshots/backend-structure-projet.png>
 [38] [39]
File: figures/screenshots/backend-generation-qr-code.png Graphic file (type bmp
)
<figures/screenshots/backend-generation-qr-code.png>
 [40]
File: figures/screenshots/mobile-login.png Graphic file (type bmp)
<figures/screenshots/mobile-login.png>
 [41] [42]
File: figures/screenshots/mobile-scan-qr.png Graphic file (type bmp)
<figures/screenshots/mobile-scan-qr.png>
 [43]
File: figures/screenshots/mobile-resultat-scan.png Graphic file (type bmp)
<figures/screenshots/mobile-resultat-scan.png>
 [44] [45]
File: figures/screenshots/web-dashboard-expeditions.png Graphic file (type bmp)

<figures/screenshots/web-dashboard-expeditions.png>
File: figures/screenshots/web-gestion-camions.png Graphic file (type bmp)
<figures/screenshots/web-gestion-camions.png>
 [46]
File: figures/screenshots/web-ajout-camion-qr.png Graphic file (type bmp)
<figures/screenshots/web-ajout-camion-qr.png>
File: figures/screenshots/web-calendrier-trajets.png Graphic file (type bmp)
<figures/screenshots/web-calendrier-trajets.png>
 [47] [48]
File: figures/screenshots/test-api-postman.png Graphic file (type bmp)
<figures/screenshots/test-api-postman.png>
File: figures/diagrams/scenario-test-scan.pdf Graphic file (type pdf)
<use figures/diagrams/scenario-test-scan.pdf>
 [49]
Missing character: There is no œ ("153) in font ec-lmr12!
) (chapters/chapter5-deployment-and-devops [50]
Chapitre 5.
[51

]
File: figures/architecture/diagramme-deploiement.pdf Graphic file (type pdf)
<use figures/architecture/diagramme-deploiement.pdf>
 [52

] [53]
File: figures/diagrams/processus-deploiement.pdf Graphic file (type pdf)
<use figures/diagrams/processus-deploiement.pdf>
 [54] [55]
File: figures/diagrams/workflow-git.pdf Graphic file (type pdf)
<use figures/diagrams/workflow-git.pdf>
 [56] [57]
File: figures/diagrams/pipeline-ci-cd.pdf Graphic file (type pdf)
<use figures/diagrams/pipeline-ci-cd.pdf>
 [58] [59]) (chapters/conclusion [60]
[61

] [62

]) [63] [64] (chapters/bibliography-webography
LaTeX Font Info:    External font `lmex10' loaded for size
(Font)              <10.95> on input line 32.

Underfull \hbox (badness 10000) in paragraph at lines 32--33
[]|[]$\T1/lmtt/m/n/10.95 https : / / laravel .
 []


Underfull \hbox (badness 10000) in paragraph at lines 35--36
[]|[]$\T1/lmtt/m/n/10.95 https : / / laravel .
 []


Underfull \hbox (badness 10000) in paragraph at lines 35--36
\T1/lmtt/m/n/10.95 com / docs / 12 . x /
 []


Underfull \hbox (badness 10000) in paragraph at lines 38--39
[]|[]$\T1/lmtt/m/n/10.95 https : / / react .
 []


Underfull \hbox (badness 1509) in paragraph at lines 41--41
\T1/lmr/m/n/10.95 lop-pe-ment et le build de l'ap-pli-ca-tion
 []


Underfull \hbox (badness 10000) in paragraph at lines 41--42
[]|[]$\T1/lmtt/m/n/10.95 https : / / vite .
 []


Underfull \hbox (badness 10000) in paragraph at lines 44--45
[]|[]$\T1/lmtt/m/n/10.95 https : / /
 []


Underfull \hbox (badness 10000) in paragraph at lines 44--45
\T1/lmtt/m/n/10.95 reactrouter .
 []


Underfull \hbox (badness 10000) in paragraph at lines 47--48
[]|[]$\T1/lmtt/m/n/10.95 https : / / axios -[]
 []


Underfull \hbox (badness 10000) in paragraph at lines 47--48
\T1/lmtt/m/n/10.95 http . com / docs /
 []


Underfull \hbox (badness 10000) in paragraph at lines 50--51
[]|[]$\T1/lmtt/m/n/10.95 https : / /
 []


Underfull \hbox (badness 10000) in paragraph at lines 50--51
\T1/lmtt/m/n/10.95 tailwindcss .
 []


Underfull \hbox (badness 10000) in paragraph at lines 50--51
\T1/lmtt/m/n/10.95 com / docs /
 []


Underfull \hbox (badness 10000) in paragraph at lines 50--51
\T1/lmtt/m/n/10.95 installation /
 []


Underfull \hbox (badness 10000) in paragraph at lines 53--54
[]|[]$\T1/lmtt/m/n/10.95 https : / / docs .
 []


Underfull \hbox (badness 10000) in paragraph at lines 56--56
[]|\T1/lmr/m/n/10.95 Riverpod Do-cu-men-ta-
 []


Underfull \hbox (badness 10000) in paragraph at lines 56--57
[]|[]$\T1/lmtt/m/n/10.95 https :
 []


Underfull \hbox (badness 10000) in paragraph at lines 56--57
\T1/lmtt/m/n/10.95 / / riverpod .
 []


Underfull \hbox (badness 10000) in paragraph at lines 56--57
\T1/lmtt/m/n/10.95 dev / docs /
 []


Underfull \hbox (badness 10000) in paragraph at lines 56--57
\T1/lmtt/m/n/10.95 introduction /
 []


Underfull \hbox (badness 10000) in paragraph at lines 59--60
[]|[]$\T1/lmtt/m/n/10.95 https : / / pub . dev /
 []


Underfull \hbox (badness 10000) in paragraph at lines 62--63
[]|[]$\T1/lmtt/m/n/10.95 https : / / pub .
 []


Underfull \hbox (badness 10000) in paragraph at lines 62--63
\T1/lmtt/m/n/10.95 dev / packages /
 []


Underfull \hbox (badness 10000) in paragraph at lines 62--63
\T1/lmtt/m/n/10.95 flutter _ secure _
 []


Underfull \hbox (badness 10000) in paragraph at lines 65--65
[]|\T1/lmr/m/n/10.95 Mobile Scan-ner Pa-
 []


Underfull \hbox (badness 10000) in paragraph at lines 65--66
[]|[]$\T1/lmtt/m/n/10.95 https : / / pub .
 []


Underfull \hbox (badness 10000) in paragraph at lines 65--66
\T1/lmtt/m/n/10.95 dev / packages /
 []


Underfull \hbox (badness 10000) in paragraph at lines 68--69
[]|[]$\T1/lmtt/m/n/10.95 https : / / dev .
 []


Underfull \hbox (badness 10000) in paragraph at lines 71--71
[]|\T1/lmr/m/n/10.95 MariaDB Do-cu-men-ta-
 []


Underfull \hbox (badness 10000) in paragraph at lines 71--72
[]|[]$\T1/lmtt/m/n/10.95 https : / / mariadb .
 []


Underfull \hbox (badness 10000) in paragraph at lines 74--75
[]|[]$\T1/lmtt/m/n/10.95 https : / / docs .
 []


Underfull \hbox (badness 10000) in paragraph at lines 74--75
\T1/lmtt/m/n/10.95 github . com / en /
 []


Underfull \hbox (badness 10000) in paragraph at lines 77--78
[]|[]$\T1/lmtt/m/n/10.95 https : / / docs .
 []


Underfull \hbox (badness 10000) in paragraph at lines 77--78
\T1/lmtt/m/n/10.95 github . com /
 []


Underfull \hbox (badness 10000) in paragraph at lines 77--78
\T1/lmtt/m/n/10.95 en / actions /
 []


Underfull \hbox (badness 10000) in paragraph at lines 77--78
\T1/lmtt/m/n/10.95 how -[] tos / write -[]
 []


Underfull \hbox (badness 10000) in paragraph at lines 80--81
[]|[]$\T1/lmtt/m/n/10.95 https : / / docs .
 []


Underfull \hbox (badness 10000) in paragraph at lines 83--84
[]|[]$\T1/lmtt/m/n/10.95 https : / / github .
 []


Underfull \hbox (badness 10000) in paragraph at lines 83--84
\T1/lmtt/m/n/10.95 com / soldair /
 []


Underfull \hbox (badness 10000) in paragraph at lines 86--87
[]|[]$\T1/lmtt/m/n/10.95 https : / /
 []


Underfull \hbox (badness 10000) in paragraph at lines 86--87
\T1/lmtt/m/n/10.95 artskydj . github .
 []

[65


] [66]) (appendices/appendix-api [67]
Annexe A.
Package hyperref Info: bookmark level for unknown lstlisting defaults to 0 on i
nput line 9.
[68

]
Underfull \hbox (badness 1303) in paragraph at lines 80--81
\T1/lmr/m/n/10.95 mettre à jour au-to-ma-ti-
 []


Underfull \hbox (badness 2735) in paragraph at lines 82--82
[]|$\T1/lmtt/m/n/10.95 /api / operator / last -[]
 []


Underfull \hbox (badness 10000) in paragraph at lines 82--83
[]|\T1/lmr/m/n/10.95 Consulter les der-niers
 []


Underfull \hbox (badness 10000) in paragraph at lines 84--84
[]|$\T1/lmtt/m/n/10.95 /api / trucks / {id} /
 []


Underfull \hbox (badness 1178) in paragraph at lines 84--84
[]|\T1/lmr/m/n/10.95 Tous les rôles au-
 []


Underfull \hbox (badness 10000) in paragraph at lines 84--85
[]|\T1/lmr/m/n/10.95 Récupérer les in-for-ma-
 []

[69] [70]
Underfull \hbox (badness 10000) in paragraph at lines 143--144
[]|\T1/lmr/m/n/10.95 Modifier les in-for-ma-tions
 []


Underfull \hbox (badness 10000) in paragraph at lines 147--147
[]|$\T1/lmtt/m/n/10.95 /api / trucks / {id} /
 []


Underfull \hbox (badness 10000) in paragraph at lines 149--149
[]|$\T1/lmtt/m/n/10.95 /api / trucks / {id} /
 []


Underfull \hbox (badness 10000) in paragraph at lines 151--151
[]|$\T1/lmtt/m/n/10.95 /api / trucks / {id} /
 []


Underfull \hbox (badness 10000) in paragraph at lines 153--153
[]|$\T1/lmtt/m/n/10.95 /api / trucks / bulk -[]
 []


Underfull \hbox (badness 10000) in paragraph at lines 155--155
[]|$\T1/lmtt/m/n/10.95 /api / trucks / bulk -[]
 []


Underfull \hbox (badness 5231) in paragraph at lines 159--160
\T1/lmr/m/n/10.95 im-ma-tri-cu-la-tion ou chauf-
 []


Underfull \hbox (badness 10000) in paragraph at lines 187--187
[]|$\T1/lmtt/m/n/10.95 /api / trips / {id} /
 []


Underfull \hbox (badness 4156) in paragraph at lines 201--202
[]|\T1/lmr/m/n/10.95 Obtenir les tra-jets d'une
 []

[71] [72]
Underfull \hbox (badness 1137) in paragraph at lines 245--246
[]|\T1/lmr/m/n/10.95 Lister les uti-li-sa-teurs avec
 []


Underfull \hbox (badness 10000) in paragraph at lines 251--252
[]|\T1/lmr/m/n/10.95 Modifier les in-for-ma-tions
 []


Underfull \hbox (badness 10000) in paragraph at lines 255--255
[]|$\T1/lmtt/m/n/10.95 /api / users / {id} /
 []


Underfull \hbox (badness 2269) in paragraph at lines 281--282
[]|\T1/lmr/m/n/10.95 Obtenir un rap-port ana-
 []


Underfull \hbox (badness 3919) in paragraph at lines 281--282
\T1/lmr/m/n/10.95 ly-tique pour un ca-mion
 []


Underfull \hbox (badness 4279) in paragraph at lines 287--288
[]|\T1/lmr/m/n/10.95 Modifier la sé-quence lo-
 []

[73]) (appendices/appendix-deployment-configuration [74]
Annexe B.
[75

] [76] [77] [78] [79]) [80] (main.aux)

LaTeX Font Warning: Some font shapes were not available, defaults substituted.

Package rerunfilecheck Info: File `main.out' has not changed.
(rerunfilecheck)             Checksum: 099D5A434A77160C905A830A2371EAD2;18000.
 )
Output written on main.xdv (90 pages, 355708 bytes).
